<?xml version="1.0" encoding="UTF-8"?>
<!-- Generated by org.testng.reporters.JUnitReportReporter -->
<testsuite hostname="TYSS-Sujata-Suryabham" failures="0" tests="1" name="reqres_Payload.createUser1" time="1.893" errors="0" timestamp="2024-05-21T18:21:20 IST" skipped="0">
  <testcase classname="reqres_Payload.createUser1" name="createUser2" time="1.893"/>
  <system-out/>
</testsuite> <!-- reqres_Payload.createUser1 -->
