<?xml version="1.0" encoding="UTF-8"?>
<!-- Generated by org.testng.reporters.JUnitReportReporter -->
<testsuite hostname="TYSS-Sujata-Suryabham" failures="0" tests="1" name="reqres_CRUD.createUserPOST" time="2.311" errors="0" timestamp="2024-05-21T14:45:28 IST" skipped="0">
  <testcase classname="reqres_CRUD.createUserPOST" name="createUser" time="2.311"/>
  <system-out/>
</testsuite> <!-- reqres_CRUD.createUserPOST -->
