<?xml version="1.0" encoding="UTF-8"?>
<!-- Generated by org.testng.reporters.JUnitReportReporter -->
<testsuite hostname="TYSS-Sujata-Suryabham" failures="0" tests="1" name="reqres_CRUD.updateUersPatch" time="1.811" errors="0" timestamp="2024-05-21T15:13:46 IST" skipped="0">
  <testcase classname="reqres_CRUD.updateUersPatch" name="updateUser" time="1.811"/>
  <system-out/>
</testsuite> <!-- reqres_CRUD.updateUersPatch -->
