<?xml version="1.0" encoding="UTF-8"?>
<!-- Generated by org.testng.reporters.JUnitReportReporter -->
<testsuite hostname="TYSS-Sujata-Suryabham" failures="0" tests="1" name="reqres_Payload.requestBody_fromPOJO" time="2.152" errors="0" timestamp="2024-05-22T16:27:46 IST" skipped="0">
  <testcase classname="reqres_Payload.requestBody_fromPOJO" name="createUserPojo" time="2.152"/>
  <system-out/>
</testsuite> <!-- reqres_Payload.requestBody_fromPOJO -->
