<?xml version="1.0" encoding="UTF-8"?>
<!-- Generated by org.testng.reporters.JUnitReportReporter -->
<testsuite hostname="TYSS-Sujata-Suryabham" failures="0" tests="2" name="RequestChaining.petStoreReqCh" time="4.765" errors="0" timestamp="2024-09-30T17:54:26 IST" skipped="0">
  <testcase classname="RequestChaining.petStoreReqCh" name="getPet" time="1.351"/>
  <system-out/>
  <testcase classname="RequestChaining.petStoreReqCh" name="createPet" time="3.414"/>
  <system-out/>
</testsuite> <!-- RequestChaining.petStoreReqCh -->
