<?xml version="1.0" encoding="UTF-8"?>
<!-- Generated by org.testng.reporters.JUnitReportReporter -->
<testsuite hostname="TYSS-Sujata-Suryabham" failures="0" tests="4" name="RequestChaining.PetstoreReqChainingDependOnMethods" time="9.376" errors="0" timestamp="2024-09-27T18:17:25 IST" skipped="0">
  <testcase classname="RequestChaining.PetstoreReqChainingDependOnMethods" name="createPet" time="4.650"/>
  <system-out/>
  <testcase classname="RequestChaining.PetstoreReqChainingDependOnMethods" name="getPet" time="1.570"/>
  <system-out/>
  <testcase classname="RequestChaining.PetstoreReqChainingDependOnMethods" name="deletePet" time="1.539"/>
  <system-out/>
  <testcase classname="RequestChaining.PetstoreReqChainingDependOnMethods" name="updatePet" time="1.617"/>
  <system-out/>
</testsuite> <!-- RequestChaining.PetstoreReqChainingDependOnMethods -->
