<?xml version="1.0" encoding="UTF-8"?>
<!-- Generated by org.testng.reporters.JUnitReportReporter -->
<testsuite hostname="TYSS-Sujata-Suryabham" failures="0" tests="1" name="PetStorePrac.PetstorePOST" time="3.848" errors="0" timestamp="2024-09-19T20:50:27 IST" skipped="0">
  <testcase classname="PetStorePrac.PetstorePOST" name="addPet" time="3.848"/>
  <system-out/>
</testsuite> <!-- PetStorePrac.PetstorePOST -->
