<?xml version="1.0" encoding="UTF-8"?>
<!-- Generated by org.testng.reporters.JUnitReportReporter -->
<testsuite hostname="TYSS-Sujata-Suryabham" failures="0" tests="1" name="reqres_Payload.requestBody2_fromPOJO" time="2.194" errors="0" timestamp="2024-05-22T17:57:51 IST" skipped="0">
  <testcase classname="reqres_Payload.requestBody2_fromPOJO" name="createUserPojo2" time="2.194"/>
  <system-out/>
</testsuite> <!-- reqres_Payload.requestBody2_fromPOJO -->
