<?xml version="1.0" encoding="UTF-8"?>
<!-- Generated by org.testng.reporters.JUnitReportReporter -->
<testsuite hostname="TYSS-Sujata-Suryabham" failures="0" tests="1" name="handlingComplesJSON.CreatePetWithPOJO" time="3.664" errors="0" timestamp="2024-06-06T12:07:15 IST" skipped="0">
  <testcase classname="handlingComplesJSON.CreatePetWithPOJO" name="createPet" time="3.664"/>
  <system-out/>
</testsuite> <!-- handlingComplesJSON.CreatePetWithPOJO -->
