<?xml version="1.0" encoding="UTF-8"?>
<!-- Generated by org.testng.reporters.JUnitReportReporter -->
<testsuite hostname="TYSS-Sujata-Suryabham" failures="0" tests="1" name="reqres_CRUD.getUserGET" time="1.598" errors="0" timestamp="2024-05-21T14:51:39 IST" skipped="0">
  <testcase classname="reqres_CRUD.getUserGET" name="getUser" time="1.598"/>
  <system-out/>
</testsuite> <!-- reqres_CRUD.getUserGET -->
