<?xml version="1.0" encoding="UTF-8"?>
<!-- Generated by org.testng.reporters.JUnitReportReporter -->
<testsuite hostname="TYSS-Sujata-Suryabham" failures="0" tests="4" name="RequestChaining.PetStoreReqChaining" time="0.011" errors="0" timestamp="2024-05-29T17:03:48 IST" skipped="0">
  <testcase classname="RequestChaining.PetStoreReqChaining" name="createUser" time="0.008"/>
  <system-out/>
  <testcase classname="RequestChaining.PetStoreReqChaining" name="getUser" time="0.001"/>
  <system-out/>
  <testcase classname="RequestChaining.PetStoreReqChaining" name="UpdateUser" time="0.001"/>
  <system-out/>
  <testcase classname="RequestChaining.PetStoreReqChaining" name="deleteUser" time="0.001"/>
  <system-out/>
</testsuite> <!-- RequestChaining.PetStoreReqChaining -->
