<?xml version="1.0" encoding="UTF-8"?>
<!-- Generated by org.testng.reporters.JUnitReportReporter -->
<testsuite hostname="TYSS-Sujata-Suryabham" failures="0" tests="1" name="reqres_Validation.reqresGetValidate" time="3.571" errors="0" timestamp="2024-05-27T15:11:44 IST" skipped="0">
  <testcase classname="reqres_Validation.reqresGetValidate" name="getValidate" time="3.571"/>
  <system-out/>
</testsuite> <!-- reqres_Validation.reqresGetValidate -->
