<?xml version="1.0" encoding="UTF-8"?>
<!-- Generated by org.testng.reporters.JUnitReportReporter -->
<testsuite hostname="TYSS-Sujata-Suryabham" failures="0" tests="1" name="reqres_CRUD.deleteUserDelete" time="1.874" errors="0" timestamp="2024-05-21T15:13:19 IST" skipped="0">
  <testcase classname="reqres_CRUD.deleteUserDelete" name="deleteUser" time="1.874"/>
  <system-out/>
</testsuite> <!-- reqres_CRUD.deleteUserDelete -->
