<?xml version="1.0" encoding="UTF-8"?>
<!-- Generated by org.testng.reporters.JUnitReportReporter -->
<testsuite hostname="TYSS-Sujata-Suryabham" failures="0" tests="1" name="reqres_Payload.hashMap_POST" time="2.354" errors="0" timestamp="2024-05-22T14:52:20 IST" skipped="0">
  <testcase classname="reqres_Payload.hashMap_POST" name="createUserHashmap" time="2.354"/>
  <system-out/>
</testsuite> <!-- reqres_Payload.hashMap_POST -->
