<?xml version="1.0" encoding="UTF-8"?>
<!-- Generated by org.testng.reporters.JUnitReportReporter -->
<testsuite hostname="TYSS-Sujata-Suryabham" failures="0" tests="1" name="RequestChaining.createPet123" time="3.265" errors="0" timestamp="2024-06-03T11:38:22 IST" skipped="0">
  <testcase classname="RequestChaining.createPet123" name="createPet" time="3.265"/>
  <system-out/>
</testsuite> <!-- RequestChaining.createPet123 -->
