<?xml version="1.0" encoding="UTF-8"?>
<!-- Generated by org.testng.reporters.JUnitReportReporter -->
<testsuite hostname="TYSS-Sujata-Suryabham" failures="0" tests="1" name="PetStorePrac.getPetGET" time="2.500" errors="0" timestamp="2024-05-24T17:02:17 IST" skipped="0">
  <testcase classname="PetStorePrac.getPetGET" name="getPet" time="2.500"/>
  <system-out/>
</testsuite> <!-- PetStorePrac.getPetGET -->
